MongoDB connection failed: MongooseServerSelectionError: Could not connect to any servers in your MongoDB Atlas cluster. One common reason is that you're trying to access the database from an IP that isn't whitelisted. Make sure your current IP address is on your Atlas cluster's IP whitelist: https://www.mongodb.com/docs/atlas/security-whitelist/
    at _handleConnectionErrors (C:\Users\ragul\Pictures\FULL STACK PROJECT\LeaveManagementSystem\server\node_modules\mongoose\lib\connection.js:1180:11)
    at NativeConnection.openUri (C:\Users\ragul\Pictures\FULL STACK PROJECT\LeaveManagementSystem\server\node_modules\mongoose\lib\connection.js:1111:11)
    at async connectDB (C:\Users\ragul\Pictures\FULL STACK PROJECT\LeaveManagementSystem\server\dist\config\db.js:13:28)
    at async startServer (C:\Users\ragul\Pictures\FULL STACK PROJECT\LeaveManagementSystem\server\dist\server.js:10:5) {
  errorLabelSet: Set(0) {},
  reason: TopologyDescription {
    type: 'ReplicaSetNoPrimary',
    servers: Map(3) {
      'ac-5l88k63-shard-00-02.j5p1ibn.mongodb.net:27017' => [ServerDescription],
      'ac-5l88k63-shard-00-01.j5p1ibn.mongodb.net:27017' => [ServerDescription],
      'ac-5l88k63-shard-00-00.j5p1ibn.mongodb.net:27017' => [ServerDescription]
    },
    stale: false,
    compatible: true,
    heartbeatFrequencyMS: 10000,
    localThresholdMS: 15,
    setName: 'atlas-i6idbb-shard-0',
    maxElectionId: null,
    maxSetVersion: null,
    commonWireVersion: 0,
    logicalSessionTimeoutMinutes: null
  },
  code: undefined,
  cause: TopologyDescription {
    type: 'ReplicaSetNoPrimary',
    servers: Map(3) {
      'ac-5l88k63-shard-00-02.j5p1ibn.mongodb.net:27017' => [ServerDescription],
      'ac-5l88k63-shard-00-01.j5p1ibn.mongodb.net:27017' => [ServerDescription],
      'ac-5l88k63-shard-00-00.j5p1ibn.mongodb.net:27017' => [ServerDescription]
    },
    stale: false,
    compatible: true,
    heartbeatFrequencyMS: 10000,
    localThresholdMS: 15,
    setName: 'atlas-i6idbb-shard-0',
    maxElectionId: null,
    maxSetVersion: null,
    commonWireVersion: 0,
    logicalSessionTimeoutMinutes: null
  }
}
